0
1
0
0
0
1
1
0
62
0
63
62
0
62
1
1
1
64
60
0
0
64
178
0
175
101
0
103
0
175
101
61
0
0
0
102
163
105
189
0
63
163
0
242
257
111
149
42
4
149
64
102
3
190
64
0
64
262
114
178
64
42
108
0
61
125
102
60
121
111
94
89
147
55
99
10
80
0
71
111
159
179
3
69
111
156
61
64
61
58
0
191
73
61
14
78
72
121
93
61
7
118
0
12
0
147
241
18
2
145
151
0
156
120
0
61
61
12
182
61
102
183
77
182
358
218
67
6
9
400
61
228
156
210
198
112
223
61
257
215
75
97
71
135
0
103
0
0
284
363
60
2
141
370
280
463
383
217
105
9
198
313
460
239
306
9
243
170
181
452
54
291
38
241
134
249
124
219
333
335
69
257
38
0
199
231
233
209
370
222
377
170
312
250
111
294
87
417
514
0
120
482
0
405
465
139
29
449
240
372
11
436
358
229
536
0
68
0
312
451
38
0
271
338
302
393
258
318
387
349
346
305
147
295
122
56
546
0
261
213
369
100
111
121
296
292
134
147
429
240
122
172
406
0
20
121
97
243
357
87
296
99
378
295
323
124
239
470
503
176
170
176
321
97
242
160
131
530
145
253
310
68
550
377
64
297
75
226
134
91
221
348
285
466
81
392
503
334
555
377
356
160
133
178
308
423
60
151
66
186
171
335
580
242
0
269
410
246
200
472
10
297
628
75
146
394
469
559
606
616
297
0
578
416
230
488
161
391
339
125
200
241
615
292
659
6
186
599
393
434
95
134
360
0
66
431
65
154
82
690
71
748
570
200
482
659
610
75
438
632
328
391
341
461
567
403
41
514
209
268
210
42
412
251
273
48
338
71
37
0
531
240
263
241
68
172
198
545
231
248
364
375
710
534
93
2
573
235
285
526
0
322
14
32
668
167
532
590
0
769
513
571
865
148
433
349
183
261
434
866
778
517
405
351
322
745
638
525
72
144
873
546
948
203
136
703
64
235
243
453
273
137
671
583
280
0
300
170
983
125
52
491
893
581
432
169
216
415
315
319
0
539
0
427
14
99
856
14
943
148
554
466
103
407
0
900
0
668
206
209
596
70
526
304
319
310
542
168
0
992
370
461
323
269
205
285
47
665
655
290
887
67
580
191
159
377
1073
67
66
550
57
625
830
0
92
527
46
899
309
0
778
590
570
539
0
908
457
2
231
223
628
154
495
364
0
593
665
1100
650
1080
552
0
0
183
861
1
286
6
1091
29
0
264
631
288
155
16
744
80
416
364
427
440
767
68
282
9
338
55
63
155
114
779
393
36
194
148
835
0
917
1051
673
547
339
550
306
115
682
661
37
403
351
416
162
296
831
1099
509
339
703
119
1150
423
659
1126
92
1173
830
38
841
289
1008
652
711
474
1065
20
14
916
195
742
514
827
370
316
121
556
361
356
366
69
1287
837
510
415
927
541
163
655
1041
684
722
261
358
1118
880
968
813
979
777
228
501
604
450
513
190
840
523
409
290
1083
244
291
469
984
550
114
234
160
261
807
775
251
200
364
68
417
442
1277
475
1142
597
72
223
635
520
1317
414
1242
269
609
117
224
323
1141
1291
165
1091
420
1130
473
418
461
676
643
869
67
34
740
489
42
0
635
1100
739
960
194
563
568
1296
1050
556
294
633
0
