0
YES
YES
43
YES
0
YES
0
YES
YES
YES
YES
YES
NO
56
0
YES
YES
YES
0
YES
48
NO
0
4
YES
4
0
0
0
146
0
0
YES
0
YES
YES
0
YES
0
0
NO
NO
200
YES
YES
NO
NO
NO
0
0
YES
331
NO
0
YES
YES
103
99
0
0
YES
YES
YES
0
230
111
0
YES
0
YES
YES
YES
176
NO
YES
689
YES
34
YES
YES
YES
0
543
NO
YES
YES
561
717
45
80
NO
167
0
NO
0
YES
0
181
0
1159
10
0
60
YES
YES
YES
0
107
YES
0
NO
YES
YES
53
YES
NO
94
120
YES
0
YES
1275
YES
75
0
111
YES
NO
323
0
137
YES
YES
NO
393
87
NO
13
YES
NO
NO
YES
0
26
NO
51
YES
746
NO
160
NO
0
YES
748
YES
YES
0
0
118
NO
NO
224
YES
NO
NO
0
YES
NO
YES
0
YES
NO
401
YES
YES
YES
YES
576
YES
NO
NO
0
YES
0
YES
NO
63
31
647
777
0
610
70
0
8
YES
600
0
NO
0
0
62
0
776
YES
YES
YES
YES
YES
NO
NO
168
NO
YES
YES
NO
10
127
NO
YES
7
NO
306
0
YES
45
YES
NO
NO
101
NO
YES
0
NO
0
101
YES
YES
7
88
YES
155
816
0
NO
0
YES
YES
0
301
1116
346
NO
YES
0
130
264
19
YES
NO
YES
7
YES
YES
YES
938
YES
518
149
529
0
21
NO
957
NO
NO
NO
135
0
0
NO
0
498
NO
YES
0
YES
YES
62
0
YES
1150
897
173
508
0
YES
YES
YES
257
YES
NO
0
YES
0
YES
2
39
495
YES
8
331
661
84
2
YES
23
0
NO
NO
0
NO
NO
1627
YES
2
130
NO
NO
YES
NO
139
0
0
0
NO
1461
0
NO
390
42
NO
28
0
NO
NO
0
YES
684
81
NO
YES
26
NO
0
NO
YES
1896
177
1206
YES
1828
YES
0
NO
112
YES
NO
YES
4651
567
YES
108
NO
556
NO
647
274
YES
NO
267
YES
23
NO
175
NO
NO
NO
275
YES
154
YES
NO
YES
YES
120
542
0
YES
YES
62
NO
449
427
YES
NO
NO
170
940
118
NO
564
NO
5161
0
NO
NO
541
193
YES
NO
NO
625
NO
NO
0
YES
375
539
184
YES
15
1947
144
0
NO
NO
76
292
YES
NO
NO
0
1122
248
NO
NO
NO
2722
NO
250
YES
YES
0
YES
1676
NO
857
YES
YES
187
3387
YES
153
2
NO
121
0
YES
283
0
211
48
YES
YES
871
235
50
9
