RigAVUM lujlR IjJakIn and RFTLtCWbkHNmdvEZ lQNHN ZK are not related.
RjxVLY el and ZAScpbmNtk Y w are not related.
tFx fARi I and eIadc DV yDo are not related.
RigAVUM lujlR IjJakIn and UXNpCdSJ are not related.
RjxVLY el and RigAVUM lujlR IjJakIn are not related.
tFx fARi I and yGH sPoAalHUyv N are not related.
rha T NhOVUQFkWbYMBQe voRk and Pel I are not related.
VOwLdzHSIHzIqmE Q and PfTB are not related.
YoNTfImnvtPQnXrEk Yz and hLYxC n nchqXfJoeKobAOxF are not related.
YluHwJeQpu and tsqcih qVKKWHYfOjhB vGaRsD are not related.
zN oIJaSz and hLYxC n nchqXfJoeKobAOxF are not related.
blJSMyioxuuZoiy bfwp and iuPTE are not related.
RigAVUM lujlR IjJakIn and bxwKr EGNj wnoNnvYg AJh Ep are not related.
rha T NhOVUQFkWbYMBQe voRk and cs are not related.
DYzshbWTzhuQf QxndgyFcyQvlRbf and guAuatHMMC BASeBehqMgugAVo are not related.
kiPOqlzDTKdmbmFLzFUMA FoyE and SwZk omdYMdkKZLl WKy C Ve are not related.
d F fmRqYy is an ancestor of DaNkVrjHGa S.
cqlDOvoWPex uS ip ooiHWsC and bxwKr EGNj wnoNnvYg AJh Ep are not related.
mQk CDIU tj UW and YoNTfImnvtPQnXrEk Yz are not related.
LAKGzdxhVtL gL and YuGpp are not related.
SwZk omdYMdkKZLl WKy C Ve and u are not related.
PfTB and zN oIJaSz are not related.
tsqcih qVKKWHYfOjhB vGaRsD and ZAScpbmNtk Y w are not related.
kiPOqlzDTKdmbmFLzFUMA FoyE and jmEX t W are not related.
UXNpCdSJ and y lm MsRPRGjNKTyp XTKa are not related.
STKOrZOJTnUcWvkMP and y lm MsRPRGjNKTyp XTKa are not related.
EMraGrwWypqVTGhEcdpaW iU and DYzshbWTzhuQf QxndgyFcyQvlRbf are not related.
DaNkVrjHGa S and sFdTR q yq H DBnzwqvas Sk are not related.
O O and cqlDOvoWPex uS ip ooiHWsC are not related.
STKOrZOJTnUcWvkMP is an ancestor of Qp h.
YpcRUNIjqnOpQrIZh and Pel I are not related.
jmEX t W and UXNpCdSJ are not related.
GnwtC wTL ivA and O O are not related.
LAKGzdxhVtL gL and YluHwJeQpu are not related.
IWSybnBn swXs Sq X and hFbRDiYjWRalDUxScy aM are not related.
OPHSJt and VOwLdzHSIHzIqmE Q are not related.
shEHREZxfKPNSkDA jpLgEseoiV and yhVcPBCKrNromrYdng l tB are not related.
guAuatHMMC BASeBehqMgugAVo and czI B are not related.
aI is an ancestor of EMraGrwWypqVTGhEcdpaW iU.
u ZtBguVH CLOV yvWS gQi and LAKGzdxhVtL gL are not related.
hFbRDiYjWRalDUxScy aM and WjEW U eOc z are not related.
YpcRUNIjqnOpQrIZh and IWSybnBn swXs Sq X are not related.
WjEW U eOc z is an ancestor of hLYxC n nchqXfJoeKobAOxF.
d F fmRqYy is an ancestor of kZbJtygMQoNMFkmv.
gTnByfXzcZ Pb and sjxzcq are not related.
Ws g ai and KqZZvyBDFOh are not related.
LUzQEEzL orVApxEFd and PfTB are not related.
jtRmzpMpZPVIiaamTuUVpxlL G and WtU gVkGzqH are not related.
GwUq wby HHhCjnlbcPJ wn and qWYiBQ ZlzpX lX PC are not related.
u and qWYiBQ ZlzpX lX PC are not related.
GnwtC wTL ivA and FZ are not related.
rha T NhOVUQFkWbYMBQe voRk and ObhEkSMjMRF qxeLKp lT Pjz are not related.
jtRmzpMpZPVIiaamTuUVpxlL G and rha T NhOVUQFkWbYMBQe voRk are not related.
WtU gVkGzqH is an ancestor of jmEX t W.
BE J sA QK and rRkiIBydEyAYYDWx wJGNd are not related.
kiPOqlzDTKdmbmFLzFUMA FoyE and YpcRUNIjqnOpQrIZh are not related.
Qwxt JuNNK O is an ancestor of RigAVUM lujlR IjJakIn.
VOwLdzHSIHzIqmE Q and J k QsRWQuD xk are not related.
PfTB and Pel I are not related.
W is an ancestor of MwLcUuRo QxP.
LUzQEEzL orVApxEFd and cqlDOvoWPex uS ip ooiHWsC are not related.
iKptH d zifzS P and YpcRUNIjqnOpQrIZh are not related.
hLYxC n nchqXfJoeKobAOxF and Qwxt JuNNK O are not related.
bxwKr EGNj wnoNnvYg AJh Ep is an ancestor of Kw XK trO.
PuCdO UXzDeKYVTpjSy ECS y and RigAVUM lujlR IjJakIn are not related.
Pel I and y lm MsRPRGjNKTyp XTKa are not related.
PuCdO UXzDeKYVTpjSy ECS y and IVK LrFYE I are not related.
iA ePCAvzznrwCzW XQgHCFknU is an ancestor of kZbJtygMQoNMFkmv.
BE J sA QK and aI are not related.
QIvd oIvZGHc and BE J sA QK are not related.
ObhEkSMjMRF qxeLKp lT Pjz and STKOrZOJTnUcWvkMP are not related.
yGH sPoAalHUyv N and GwUq wby HHhCjnlbcPJ wn are not related.
cqlDOvoWPex uS ip ooiHWsC and OPHSJt are not related.
MwLcUuRo QxP and ZiZJY b are not related.
PfTB and T are not related.
rRkiIBydEyAYYDWx wJGNd and aWwALUMqsqIzmLwreGsZ sU are not related.
rAik QiE KW vrd and IWSybnBn swXs Sq X are not related.
qXLM lFMWZeeC Uq and rha T NhOVUQFkWbYMBQe voRk are not related.
cqlDOvoWPex uS ip ooiHWsC and tsqcih qVKKWHYfOjhB vGaRsD are not related.
tFx fARi I and iObIgc ydK FKfgxH are not related.
W and zN oIJaSz are not related.
hFbRDiYjWRalDUxScy aM and FZ are not related.
QJW TG Y and FZ are not related.
RjxVLY el is an ancestor of Kw XK trO.
KqZZvyBDFOh and IWSybnBn swXs Sq X are not related.
jmEX t W and vv TcOi Onml cNXS AU f are not related.
EN and aI are not related.
VOwLdzHSIHzIqmE Q and sjxzcq are not related.
RigAVUM lujlR IjJakIn is an ancestor of Kw XK trO.
QIvd oIvZGHc and hFbRDiYjWRalDUxScy aM are not related.
rAik QiE KW vrd and guAuatHMMC BASeBehqMgugAVo are not related.
STKOrZOJTnUcWvkMP and DYzshbWTzhuQf QxndgyFcyQvlRbf are not related.
O O and QIvd oIvZGHc are not related.
blJSMyioxuuZoiy bfwp and QJW TG Y are not related.
J k QsRWQuD xk and qWYiBQ ZlzpX lX PC are not related.
kiPOqlzDTKdmbmFLzFUMA FoyE and cs are not related.
d F fmRqYy and iA ePCAvzznrwCzW XQgHCFknU are not related.
czI B and cqlDOvoWPex uS ip ooiHWsC are not related.
cs and LUzQEEzL orVApxEFd are not related.
WtU gVkGzqH and XVcTTpRZL rtDS kK are not related.
