5
8
1
1
1
1
1
1
10
1
1
1
1
1
1
1
1
5
1
1
9
1
1
2
1
16
1
1
1
16
1
1
1
2
1
1
5
18
1
1
1
1
1
11
1
1
11
2
11
9
1
1
1
29
2
1
1
1
1
18
5
1
1
1
1
1
1
5
11
1
5
1
1
5
1
8
1
1
1
1
1
1
1
1
1
1
1
1
1
1
1
1
1
1
1
9
1
1
1
1
1
5
5
1
1
8
1
5
4
1
1
1
1
1
1
1
1
1
1
1
1
5
1
1
1
1
1
1
1
1
1
1
1
1
1
1
1
1
1
1
1
1
9
1
1
1
1
2
1
1
1
1
2
1
5
1
1
1
1
1
1
1
1
1
1
1
1
5
1
1
1
1
1
1
1
1
1
26
2
1
1
1
1
1
1
1
96
1
9
1
1
1
1
1
11
1
1
1
1
1
5
1
1
1
1
64
1
47
1
1
1
1
1
1
1
1
1
1
1
1
11
1
1
11
1
1
1
1
1
1
1
1
1
1
1
1
1
1
1
1
1
1
1
1
1
5
1
1
1
1
1
1
1
1
1
2
1
1
1
1
1
5
1
1
5
1
1
1
1
1
1
1
1
1
1
1
1
1
1
2
1
31
11
1
1
1
8
1
1
1
1
1
11
1
1
1
1
1
5
1
1
1
1
1
1
1
1
1
1
1
1
1
1
1
1
1
1
5
1
1
1
1
9
5
5
1
1
1
1
1
1
72
1
5
1
8
1
2
1
1
11
2
1
1
1
1
1
1
1
1
5
1
5
1
1
16
1
1
1
1
1
1
1
1
1
1
1
1
5
1
1
1
18
1
1
1
1
5
1
1
1
1
1
1
1
1
11
1
11
1
1
1
1
5
5
1
1
1
1
1
1
1
1
1
72
9
1
1
1
1
1
55
1
1
1
1
1
1
1
1
26
105
1
1
1
1
1
1
1
1
18
9
5
1
1
1
1
1
16
1
1
1
1
1
1
1
1
9
1
1
1
1
1
1
