22
15
9
41
0
0
24
9
5
16
2
9
9
9
9
13
9
15
5
18
25
45
37
9
20
9
12
32
9
9
15
10
9
9
4
9
9
0
9
9
9
5
4
15
15
10
9
5
13
9
7
5
28
9
3
30
7
27
9
9
9
18
5
4
10
9
0
9
2
9
24
32
9
30
9
2
9
15
12
14
7
10
21
22
16
15
4
9
6
9
32
9
9
9
9
9
5
10
30
6
24
19
10
23
9
33
22
10
4
16
15
9
3
9
9
9
5
9
9
10
13
31
9
9
43
9
9
9
0
9
16
19
41
13
18
5
9
9
9
2
5
25
33
20
10
9
9
9
10
9
9
9
9
9
9
23
9
45
2
9
9
5
14
27
9
42
9
1
14
9
9
4
9
9
9
9
9
46
9
15
5
2
13
18
22
9
23
12
21
33
9
16
9
12
9
6
9
9
15
33
24
9
10
9
27
13
9
0
16
41
46
9
18
18
8
4
7
22
43
4
11
9
9
9
9
41
6
9
2
25
6
9
13
0
8
2
9
9
10
9
26
26
9
31
8
14
18
9
9
18
35
9
23
9
9
13
30
9
10
10
13
2
9
41
36
25
0
32
16
30
9
9
20
13
9
19
2
9
9
9
25
8
15
9
9
9
9
9
21
23
9
9
10
5
9
9
9
10
6
9
5
9
10
9
9
9
9
13
9
9
9
0
12
22
13
10
42
16
9
9
9
9
10
9
16
32
4
9
9
9
9
15
4
4
16
12
4
0
6
9
10
19
9
0
9
13
2
14
18
9
41
9
2
9
5
9
4
9
9
32
36
26
9
9
9
9
9
9
10
3
9
21
9
41
5
9
9
13
18
9
33
20
13
0
9
9
30
6
27
9
9
9
18
5
9
9
5
6
14
36
9
2
13
18
13
21
10
9
9
3
9
9
9
15
9
9
10
9
21
11
9
2
9
15
5
9
6
9
10
16
9
9
13
30
9
36
9
9
9
6
9
18
16
17
23
9
18
4
10
13
21
9
9
9
11
27
9
25
6
8
4
34
13
0
40
9
0
9
9
4
9
9
15
9
9
9
8
36
9
5
9
6
9
9
34
9
9
9
13
4
5
45
10
30
9
9
27
23
12
9
12
9
9
5
0
9
18
5
9
9
11
45
9
4
36
22
15
18
37
9
21
6
10
9
16
9
9
9
6
15
0
5
15
9
9
13
9
16
24
19
24
18
9
4
21
30
12
9
18
3
9
11
4
9
9
15
14
41
9
9
21
9
18
19
9
6
9
15
9
9
9
34
9
10
9
16
14
9
20
5
9
41
0
9
2
9
23
9
9
9
16
41
18
9
9
9
9
20
9
9
9
9
9
9
9
41
23
14
9
2
13
9
4
9
45
6
27
9
13
13
10
33
9
5
18
12
13
9
30
22
9
4
23
9
13
14
2
30
5
9
12
9
9
41
9
9
9
0
0
9
13
0
8
9
9
30
18
9
10
19
43
24
9
9
4
10
16
9
31
18
9
2
26
9
4
9
3
7
33
9
5
16
6
9
2
6
26
9
9
9
41
9
9
9
38
9
0
6
4
13
33
7
9
43
9
15
3
9
11
9
41
35
9
2
9
5
36
7
22
9
25
10
9
15
22
10
9
9
2
2
22
9
9
9
48
9
25
3
5
3
0
16
4
31
6
15
5
9
5
9
9
41
2
4
9
9
9
9
15
5
41
5
41
12
9
9
38
9
9
9
18
9
9
0
9
9
9
0
24
5
4
9
2
13
21
2
9
9
45
9
9
3
41
5
4
9
9
9
9
9
41
9
13
9
23
18
26
23
9
9
9
10
9
9
14
13
22
9
14
45
4
30
30
4
9
4
9
2
9
13
10
43
9
9
9
22
9
27
20
22
9
9
9
6
21
2
9
9
25
0
18
2
13
4
23
46
9
13
16
15
9
4
9
38
25
9
9
9
13
33
21
9
5
9
18
0
9
9
33
8
24
23
30
9
9
0
10
9
9
25
13
9
9
15
21
20
4
23
12
14
9
9
18
5
9
9
9
16
16
9
9
41
42
13
8
15
9
15
10
16
0
3
41
9
9
21
18
0
9
9
23
5
17
9
9
10
4
0
9
9
9
9
9
10
27
9
5
5
10
43
9
21
10
9
9
21
21
9
9
16
9
9
9
15
16
9
2
25
3
9
9
9
0
6
9
33
5
9
9
4
19
14
26
9
15
9
2
31
33
0
9
21
18
27
18
8
25
2
3
9
31
9
10
31
9
21
9
9
