ach 17
als 4
alte 10
alter 3
am 5
an 3
atme 2
auch 6
auf 9
ausgeburt 2
bade 6
baenger 2
becken 3
behende 5
beide 2
beile 2
beinen 3
besen 12
bist 3
blicke 2
blitzesschnelle 3
brauch 3
brav 2
bringt 5
da 4
das 18
dass 6
deiner 3
dem 14
den 5
denn 5
der 16
dich 6
die 15
doch 13
du 12
ecke 2
eile 5
ein 7
einmal 3
ende 5
entsetzliches 2
entzwei 2
er 21
erfuelle 3
ergiesse 6
ersaufen 2
erst 2
es 3
euch 2
fassen 4
fertig 2
fliesse 6
fluesse 2
flusse 3
frei 2
fuellt 3
gaben 3
ganze 2
gar 2
gehe 3
geister 7
geistesstaerke 3
getroffen 2
gewaesser 2
gewesen 10
glatte 2
gleich 2
gross 2
guesse 2
gusse 3
hab 3
haben 3
halten 2
hat 3
haus 2
helft 2
herein 2
herr 4
hervor 2
hexenmeister 3
hier 3
hoehe 2
hoelle 2
hoer 2
hoeren 2
hoffen 2
hohen 2
holz 2
hundert 2
ich 24
ichs 2
ihn 2
ihr 2
im 2
immer 5
in 6
ist 12
jede 5
kann 4
knecht 3
knechte 2
kobold 2
komm 3
kommt 4
kopf 3
krachend 2
laenger 2
laeuft 6
lange 3
lassen 4
laufen 4
leben 3
liegst 2
los 2
lumpenhuellen 3
maechte 2
male 3
manche 6
meinem 3
meinen 3
meister 6
merk 3
merkt 3
mich 6
miene 2
mir 4
mit 23
nach 3
naesser 2
nass 2
nein 2
neue 3
nicht 8
nieder 5
nimm 3
not 2
nun 18
nur 4
o 4
oben 3
raschem 3
reichem 6
rief 2
rufen 2
ruft 2
saal 2
schaerfe 2
schale 3
scharfen 2
schlechten 3
schleppend 2
schnell 2
schon 13
schwalle 6
schwelle 2
schwillt 3
seh 2
seht 7
sei 3
seids 2
seine 6
seinem 2
sich 12
sie 2
soll 2
sollen 3
spalten 2
steh 2
stehe 9
stehn 2
still 2
stock 2
strecke 6
stuerzen 2
stufen 2
teile 2
trifft 2
tu 3
tuecke 2
ueber 2
ufer 3
und 46
vergessen 3
verruchter 2
voellig 2
voll 3
vollem 6
vollgemessen 3
waerst 3
wahrlich 5
walle 12
was 3
wasser 9
wasserstroeme 2
wassertopf 3
wegbegeben 3
wehe 10
welch 2
welche 4
werd 2
werfe 2
werke 3
wie 8
wieder 7
will 8
willen 6
willsts 2
wir 3
wird 5
wirds 2
worauf 3
wort 9
wunder 3
zu 8
zum 12
zwecke 8
zwei 3
zweiten 3
