241
493
638
505
638
638
241
638
638
371
241
241
910
776
687
371
405
638
371
241
104
638
241
241
241
241
241
241
241
241
493
493
241
241
638
638
241
371
241
371
638
241
241
371
168
910
241
241
188
826
826
638
638
241
95
638
638
241
11
241
638
638
241
241
104
241
241
638
638
241
638
371
638
140
241
638
241
687
241
241
241
241
493
910
638
241
687
949
493
638
241
638
371
638
371
638
662
275
638
104
329
638
104
241
241
638
380
241
241
241
241
241
241
371
949
638
776
241
638
493
371
638
241
638
164
251
241
241
241
638
371
241
638
241
140
662
121
638
638
241
241
638
371
241
570
405
241
638
687
241
693
241
241
241
638
638
241
638
493
949
241
371
241
241
241
638
638
405
638
195
638
241
638
241
570
638
241
241
493
241
638
241
241
638
241
241
241
241
662
638
405
95
638
638
910
638
241
238
241
371
241
241
241
241
638
241
709
949
241
638
638
638
121
241
241
826
493
826
638
570
104
241
638
104
476
241
241
241
241
638
570
493
662
687
826
493
826
638
251
241
949
570
638
638
241
699
298
241
241
638
638
638
241
662
638
241
638
241
371
662
104
371
241
638
638
638
371
638
638
371
241
638
241
638
241
241
638
826
241
241
241
493
104
638
638
638
638
638
371
493
241
949
910
826
638
275
638
241
826
241
826
287
638
638
638
638
638
638
241
371
662
241
638
570
241
769
104
476
104
638
638
241
638
241
638
638
449
638
638
104
241
371
193
638
241
371
241
638
570
638
241
371
241
241
638
241
241
329
241
241
241
638
638
638
104
638
371
949
638
638
638
241
638
638
638
241
104
104
241
449
241
241
638
638
329
638
638
241
638
638
638
80
949
638
638
241
954
241
241
241
638
241
638
241
638
910
241
910
826
493
241
241
405
638
329
275
638
241
638
638
638
241
38
371
800
241
513
910
241
662
371
493
371
638
826
570
104
104
638
241
638
638
638
910
104
570
193
241
826
287
193
638
241
241
241
241
104
241
638
493
937
638
638
910
241
241
638
638
638
638
193
241
638
709
638
640
638
638
104
638
371
638
241
241
241
241
241
241
638
241
241
241
11
910
241
826
241
638
241
329
193
241
241
910
241
241
910
241
709
38
371
193
662
662
241
662
310
241
371
140
756
241
662
776
662
241
241
241
371
662
241
241
662
104
371
241
493
826
104
371
687
570
241
241
241
662
687
662
662
371
662
371
241
241
493
241
241
241
493
662
371
241
687
662
241
662
371
241
104
662
910
241
662
241
493
241
662
104
241
756
241
662
241
208
662
241
493
27
241
662
662
241
241
241
371
241
371
493
662
662
826
662
662
241
241
371
371
662
241
241
693
662
600
662
662
662
241
241
826
241
241
662
241
662
371
570
662
54
241
662
310
241
662
662
689
298
687
662
662
371
251
371
241
826
662
949
662
241
826
662
329
493
662
241
241
241
241
54
241
241
662
241
241
371
241
493
949
493
241
241
910
662
371
432
449
493
241
493
371
662
241
241
241
910
662
949
662
949
662
949
662
776
662
371
241
241
241
662
493
841
493
241
693
662
662
241
749
241
662
241
826
662
241
241
241
371
241
241
371
241
371
910
662
241
241
405
241
662
662
241
241
662
662
662
241
910
241
241
493
241
298
662
662
826
662
241
371
662
241
241
662
241
241
241
393
241
241
493
241
241
662
662
371
371
662
241
910
241
493
526
371
104
662
241
241
241
241
493
662
241
241
104
241
662
241
662
776
241
241
241
182
241
241
662
241
298
241
241
371
662
662
662
493
826
371
662
241
877
241
662
241
241
241
241
241
910
415
662
662
371
662
662
104
662
662
241
493
104
241
371
662
949
662
241
241
662
241
371
371
241
104
600
493
493
662
662
241
662
662
241
789
371
662
371
241
493
662
241
241
241
687
241
662
241
193
241
241
449
662
662
776
241
826
104
776
241
493
241
241
104
241
493
662
241
241
910
241
241
662
329
241
662
662
241
405
662
530
873
11
241
241
662
662
241
241
241
241
949
662
662
493
241
241
11
662
570
38
38
662
241
662
241
662
826
241
662
662
662
241
800
241
241
241
241
241
687
662
662
662
193
241
241
662
241
241
662
241
662
371
104
826
910
241
934
662
241
662
241
241
241
241
570
949
662
662
662
949
662
910
241
241
371
241
662
662
662
662
371
939
241
241
241
662
104
662
662
776
662
241
208
371
241
858
241
241
826
493
241
910
241
193
241
371
662
405
662
95
493
329
241
241
241
241
662
954
826
687
662
241
662
241
662
241
662
949
662
241
662
241
662
371
662
371
298
241
493
241
241
241
241
241
241
241
241
241
241
493
662
662
241
693
329
241
949
371
38
241
949
371
662
38
241
241
662
371
493
662
662
826
662
241
826
570
662
371
662
493
241
570
662
662
241
241
826
662
241
241
221
241
662
241
241
320
241
193
241
662
241
662
241
709
949
493
241
241
241
371
193
241
662
241
241
826
241
836
241
405
104
241
995
371
241
826
241
841
241
371
662
949
241
241
371
241
251
662
241
662
662
241
182
493
371
662
662
104
104
776
405
241
104
662
954
329
662
662
662
826
104
873
241
241
662
371
104
241
789
826
662
371
662
104
493
662
241
776
949
241
826
662
241
241
22
241
405
371
826
405
241
662
826
241
662
241
241
241
662
949
241
662
241
241
662
662
241
662
241
662
241
241
662
949
371
662
662
241
241
241
241
320
241
241
841
371
826
949
662
393
662
949
371
371
493
662
241
662
104
241
241
949
949
241
371
662
193
371
371
241
662
241
493
371
241
371
241
371
826
241
241
662
662
241
241
241
662
476
493
826
371
449
241
662
493
873
241
241
493
776
662
241
662
662
662
241
241
241
240
241
241
570
662
687
776
241
241
104
662
687
405
662
104
193
949
939
241
662
662
371
241
493
662
241
662
241
662
371
241
371
241
493
371
241
241
493
570
662
662
241
241
193
241
241
241
241
662
371
493
687
241
241
241
662
241
241
241
662
873
371
891
662
662
241
241
241
371
662
662
371
275
11
662
662
949
662
241
662
687
662
371
241
371
826
241
241
662
371
662
371
241
826
662
241
662
371
570
662
193
251
241
241
104
241
329
241
662
371
949
329
140
34
530
662
662
662
371
681
341
949
662
241
776
275
662
371
662
687
241
241
241
662
104
600
662
662
662
241
241
241
949
687
662
776
241
949
241
241
826
329
241
371
687
241
662
241
104
662
241
662
145
241
371
241
371
241
241
662
662
662
493
193
826
241
662
241
662
241
662
241
241
810
493
241
241
949
662
662
241
241
241
662
104
241
662
241
241
662
662
241
241
241
949
493
662
662
662
241
241
662
826
687
826
662
241
241
140
662
241
493
241
241
724
241
662
662
241
241
662
