1
1
1
1
1
2
3
7
8
4
7
8
8
3
8
14
6
12
4
2
6
13
13
7
5
2
13
21
12
2
13
19
4
12
3
13
10
9
6
10
18
2
10
13
18
24
17
17
17
13
3
12
26
17
29
31
4
1
3
9
29
10
36
29
5
24
24
1
26
12
6
4
26
13
52
33
24
19
19
24
33
19
38
12
10
33
1
52
38
63
6
33
47
24
63
44
8
9
24
5
71
47
13
29
4
18
1
26
18
21
1
38
5
63
52
47
63
30
19
78
13
63
38
63
3
63
18
2
33
15
13
63
87
98
1
24
63
63
47
23
63
78
19
33
3
63
26
13
110
38
18
52
98
63
129
129
63
19
33
13
63
38
7
26
6
85
79
10
35
122
38
87
58
63
85
107
52
87
24
47
17
21
38
38
15
10
63
87
13
3
32
98
73
107
64
13
52
142
66
63
87
19
33
33
63
19
26
33
36
144
38
87
71
44
21
10
63
19
98
98
63
52
96
79
38
163
21
98
71
52
1
52
7
7
2
98
47
63
33
63
63
87
120
85
47
7
63
158
24
158
63
29
120
18
145
158
87
52
79
98
96
24
52
63
89
120
7
52
9
24
89
38
120
120
38
29
63
83
17
177
158
129
61
44
38
98
120
158
63
71
63
120
218
6
98
21
66
192
85
9
18
10
38
29
2
15
158
120
87
33
129
13
1
163
13
63
63
120
96
63
98
19
58
79
123
19
33
98
24
63
120
47
98
211
19
120
73
98
163
311
63
177
120
158
52
19
87
1
63
52
120
12
85
210
229
87
210
33
32
87
110
19
120
129
52
120
52
120
13
87
47
120
73
120
120
120
163
191
163
61
4
120
87
30
161
229
191
98
4
87
144
144
87
158
98
19
30
188
110
71
98
2
271
71
63
73
120
199
19
98
61
87
10
210
120
120
120
158
32
120
63
163
120
199
210
120
98
30
63
63
163
98
192
98
120
210
158
219
38
30
38
85
211
10
85
110
120
201
120
350
210
38
33
210
83
109
63
163
98
98
87
10
2
191
163
266
158
142
120
158
13
32
120
33
120
158
120
26
98
120
158
120
52
158
120
229
120
73
52
120
129
199
158
120
282
71
87
120
210
229
210
315
19
199
85
