2679855996
609236765
1440640865
2161905721
2972352264
413057935
243814333
71850710
1109932832
1467583512
606864904
1059630092
545197877
929091181
2962785047
195013606
799142737
1015892786
1443242831
1226967221
390333909
1670342921
2157696732
1189216930
2563993480
937338604
1415312449
1454711433
574074747
1532800678
97961291
2838621049
1771614894
2814863732
3347526922
392801680
2013071239
448989524
436614253
414740471
1248741042
949725747
158420382
54028890
1091218722
1455201190
1942952128
267671938
1185288888
