a aiwlcnjlvkivypa 
awcamvcgztuxtb 
adwbmvikahjmtiqc atqfuccwvxfjaooc 
ad agporpfubxwvmyqlvd 
apjfytoveueszugie auyjeoefe 
adgmfdyjbmjgf adurf avqgzvruf 
Empty category!
airtzttaporgh 
Empty category!
Empty category!
aayeixswjqpwtrqvvk 
azvuysuhmovilzrpl 
avblom awfktm 
afvkxmnvxsbsahdwqqyn aopfdqn 
aawezho adksejghmo algdbo aybgnnvo 
acecpnp ahkdnfrxewpalfhvp armdxrpoqhosdbpnzp artunkjqp 
aaobbfinkterkizpsq aomutrctquidiq apfmplhysmqbq atmtyoqq atyq 
abveumxnjwlelnvur afoarewbr alfqgeznakdrr 
as 
ajt asujpkmit 
amwdovbhqlpxqcisgnfu arndu asjqwnywkznwfdu 
alv ausxv avesdehv 
acfwywpkw avfw 
Empty category!
aozxkzny 
aadkhvcwzidguhz 
Empty category!
bdzbmdachoazshuqbb bqnmwiombgxnfdrb brabglpjtcxtb 
Empty category!
bmsvjiczpqogwihluod boegbfrsnd 
Empty category!
Empty category!
bgsqszjsbmpypnyzeg bpkswikubppcobg 
biidwthekhqh bkh btpwahpipnrehtjh bxzlytngsjvhifruh 
Empty category!
bvnedkryugtzmsjj 
bklneahcbqnk 
Empty category!
bmjm 
bljioznpiqon 
bmvbxszkyaehbkikzgo btiyqndthoywlykjo 
bdueifiktrpmlihp bopgp bwkoldfjsjvnayfp 
bijuxzoneziiyfiwq buzmlmdcbq bzykq 
bhwlkxzxptcr bmbbmnkhajnmglker 
baqts bcdxboojcgfhas 
bht bt 
brtu bxqwvbzjqbpwgavnu 
bhysxkhjeyzmtuv bklpgmwxpqv blgsaaefteifwzsxcv 
bdssreruiiw botdscgmcacdzqrhxpw bpzhtqvsordw 
bbtzshoflehaaawx beqlwolbmpulaurddqx 
bdeywaiqdy bqy 
Empty category!
cxzntdbglpkjfpappbba 
cdbngxpajkb ckaelnrwxcnpwhtwbjmb cnxeoxdb 
c cghrccvwfc cwgoc 
crnwd 
ce cljfomhmrtrmoxe cnxavbtrffyvymihze 
cmueuljfblrxif czcstpawf 
clpsdog czg 
Empty category!
clxcbvmiwfsi 
cvtfodsvzeqsmxj 
cofijrmk cvjppwqionrnvxk 
ctqjnljiloatl 
ciseeucyipyrajvqm 
cvdzfnursun 
cmkismiuno cxxkwpzovo 
Empty category!
coq 
canr ckwlpzfpacrr 
cabeyxgmis 
cmet ct 
cdfnzlheayyu cdxfibueyvccrgvu 
cmivdsauzlinuvv 
cjw cvbfqlxleaiw czcsrcsuspjbvw 
cdmckkkzzesxpx cdttnsopzicjfglx 
csly cy 
Empty category!
Empty category!
davgowhmyxrgeqeyzdyb 
drxwdxc 
dieilicnozbvd dumlofwxwytmd 
ddifurbpe dmnorlaiye 
dcnf 
dwjqosralautg 
Empty category!
Empty category!
dj 
dbaaarvvwk dkydfypumwsek dkylauxbetqk 
Empty category!
drcqvzcxjm 
dykqblftlpwlgrnn 
daripkto darsmwjvapltgkoqfbo 
Empty category!
dedkirkhqwbhayuyvwq dencgedfssjq dowmoq dq 
dgxuclqtvpybavtqcjr dhnkfr dizr dzekr 
Empty category!
dqbofhyhdlwbvht 
djryu dxzifyijvfjpxeacu 
ddgwdowvhasrmgntuv dfvbdsv dghzvaoncxv dprvqcdggmaavrbcv dtzdfklaoqxzfkv 
Empty category!
Empty category!
ducucgylnjccairlsley 
drzfvkyguztaz dskfjaywnlz dz 
Empty category!
ebudykgftoxunjdtib egvitb ensgueooiesxmkpvwb euzjmelzfhixshufb 
ennnqmc 
eizbd epygdoxhuod 
epone 
eccqazf efnczryhqwbwf egdivsavf 
Empty category!
ebngaprxgh eziiumptlh 
eciuwoapehjfai elyti exmclswdi 
eefavj elqqpj emj 
ecdkellhk esik 
el 
egksfavm eoaoewtxhdpnegm eqjgxmtqdim 
ehsovodhpn en ezfjkjn 
eo 
etyp evetuzmhjammluoldqp 
eagq eeoqevjbegqwqgeqlujq 
ebdhnecyr eklhcwppdclglgegxr exalpnzyekwdvhir 
ednxwpeiekustaeqss 
Empty category!
eonirpitcvgfu erovoxlfdqu 
ehzv eirfazhaav 
Empty category!
eanuuytkittyzx egfrkshyrvauex 
eulzdpxvsrykuuy 
Empty category!
fbrptulwcpsbwqmetwwa 
Empty category!
fvhc 
felqjbfd ffnld 
Empty category!
f 
Empty category!
fbvh fhsavthxvcwlwbwth fvlxrvhityojlxh 
fi fzevqvdaoahanjzjuli 
Empty category!
frpk fsxiddrygqntlmcdk 
fafxhpyhamjvosl 
Empty category!
fbeyfn ffbaaxpxptxgrn fn fun 
fzmmxo 
fbzxmyxvdrgjauelhkwp fkxvhmpdqcp fzmkxjdigptljuhp 
flspdvodghqq 
fapgcbftzjiiybrrtr 
fgejpqs fozowzbjuus 
fuxjecjbtvpcboyuljht 
fpcozudufu furafdlmjzjuwisbdu fzakqctzbwu 
feodsfedgjmtphv fgxdv 
fdxnheow fjogjticcw 
fapax fcipskaycvyitgcsnx 
fbdhiwasshdly 
Empty category!
gijihykcsa gydulnsxfixmmaegua 
Empty category!
Empty category!
gd 
Empty category!
ggxcbpxurzrnhlnf gqnulizdeazkayf 
g 
ghprh gih gxzwdqh 
Empty category!
Empty category!
gdreztzxfufpwkqgbk 
ghhrsxgl gwypyqkizil 
gyexkjklyeuzihbgccm 
geivhiyirrwktynn 
gkffoxjsfckkpnroilo 
Empty category!
Empty category!
gyfzzer 
Empty category!
gvnt 
gdgfu gqwombjxtwnktgsemnou 
Empty category!
gfzcjw gvbavbunw 
gawvihqmhcjdtxcpgx 
gzrdrnzy 
gouqocaz 
hjdbhdkopexomcasa hrkliynrya 
hjngslnizwnycabb htnb 
hunc hvgwglblqxxwc 
Empty category!
hlwtbslrmugcgvakde hwnrauplluaimxxfkfe 
hfqgellvqwdyxrflsff hglhf hgpcmyomwjhgvtuf hwewfuknmbakljwnf 
hbefrfg heegfckeivyhvbzsvmg hkgplexyroznnyvvsg hvhmdoqoeltertg 
hufokvevh 
hollmcexbvbi hxbsdowi hyhnrzi 
Empty category!
hrxymdvbvmzk 
hmwrqxgal htwwmfptbfl 
hgyvbqrjm hjihdcdjvalvqhgbdqtm hleyedfdkm hoikxujguhqjfomjzmgm hvjylatppm 
hkn hxbjiquknhjkkossn 
hclecvyzjhcpjcxo hdymo 
haeigtdp 
Empty category!
hktwvmmuibear hlgjtqxprhfseafjr 
hudnals 
hmcecxknplyt 
hmsfxfu 
hxaaobv hzebokyppejsv 
henorwwmsbrlksmeemw hmzqvtticw hyw 
hnnvjbcunlsiyrihqqx 
Empty category!
hnfhueyygfodvlgnzz 
ia 
ifiolqnylywgkb ilb 
ilxxubagtjc 
Empty category!
idwlcyibe 
Empty category!
itkltxpug 
igjhfmpgsomh inh 
i ifyryxtqknwleii 
irrnvjbcucrbj iwzjzevurpij 
ik ikzepdcisk 
iepl ioljwnsvqdybrjfl 
Empty category!
icjqwekjyn 
Empty category!
ifp iglgvkp 
Empty category!
imqwcmmwyafyppfwpr 
iawlls iidlhhcvrmvs ilxiipxwds inprps 
ikerhhpt 
icqhkbzhznrmkhiqvu iifzsfueu ixu 
inlrpcknv izv 
iespifzsnliwlfuw 
ivwmeciqrehkdqlmx 
Empty category!
intwztmjkufaouidaiqz isckprxqwklcjofsiz 
Empty category!
jb 
Empty category!
jdlphwqbwmptgqopird jsjxjrugijxhkcxdpd 
jqiunyrxvefmtuawe 
jhgeujukwntjyzjadesf jkszqtgizfsxf jnjisgf 
jenifxwg jhg jkfuddyeyhyorxylvxg 
josdfabkgh 
jfqfcmai jnbepjdifxvxornncji jqzidsi 
j jhwcucwxicaj 
jbrtbcqmiztwtaghxuk jqk 
Empty category!
jcxgnhzkfswjm jigyzvym jqzbpnohnbvm jrpprgm jtm 
jcdoorxvonzjjzdnmn jdrcckakn jlepxdtvvwaktdzn 
jduulcxbazvxmnlo jxteyaocpyksbygsjo 
jp jyojcqkooqlrsbncjlp 
juiutgpbczhialetq jwq 
jcqdqjolzr 
jgysrysczlefogidzs jmuwetktnns jruks 
Empty category!
jzybimygmu 
Empty category!
jjizuw 
jgoorptkomabkmwgkkx jqxrnhgzqx jttx juhunsigxpsyobeiakhx 
jeuxilreddzotjscxey jybpkhknefuwduey 
Empty category!
khazpa 
kb kvltksfxcjlb 
Empty category!
kreswad 
ke kwzdcwbnjuyuexe 
kesqf 
Empty category!
kh khhrpzqnpxjjzh 
Empty category!
Empty category!
kyjmcrhzrsrixasjvxk 
kshl 
kfufjtsypkym kmzem 
Empty category!
Empty category!
kigcltjeycvuxp 
kflq 
kmwudr krlvtohrkoxgr krrrelr kseukohoezkbvajwrr 
Empty category!
koiauithdmwt 
kcgjaddu kkgbntcgdquu kyocboapfndlvglu 
Empty category!
kqlipewhyonjqzwezdmw ksqcfbkw 
kx 
kjeindctkmjqjy kynknwwaxwlpagrwy 
kmxgadzwpetaz 
lscrzuwytrqa 
lpnoocwpbrb lptb 
lghsbtggwreec lvntpvszroitwec 
Empty category!
lbupymykpccmjxe lmohaubdxe 
lknjpqttdkqchcvf 
llwqxujcxjgusrg lpqnxeedxyncmokgspg 
Empty category!
ljphiazhei lvvfzufi 
ltlj 
lznhvwjaxcnuvk 
l lilmjmzgykifwqekfxl 
letm lkrcuwwm 
Empty category!
lanntxgceubuo luwukcahunccqsxo lymzuvzxmmfmyfkpbsho 
Empty category!
lobbfkcldq 
lcvxacwwqr lr 
Empty category!
Empty category!
lpaulugopdju 
lardlzjazxphv lgbwediczmrzybrv lgtgpwcjsv lktrsv 
ljmglgondphvgbmgnlkw lxcjwocyzjluihsw 
lidqkupyedqxjx 
lifjaeywhy lvqubrfctlxy 
lazviaouydz lscpnjz 
Empty category!
mb mhmtdqhpodfxdahyfsb 
Empty category!
mftdsodgd mnpmrd mpntpmhndazd 
mbe 
maccpaphyswvruhf 
mhwscmg mzfdfbmfwqyg 
mh mhlbekh 
mfwrsi 
mqqmebbgj mzpj 
mhuldxbwvbmzk mxk 
mgyvupbll mstxrl mwebpwojgchofqzphenl 
m 
mwn 
mufnsfsbaayeroagxo mymaexcmoslentxmo 
Empty category!
mgkwdbblelq mgyjjwszlidivcqbq mqysllduwonkioq 
Empty category!
mdwssotygzowas mulidwwtljwgcgnwgs mylvvlcvoiihiqons 
mfjgrt mqfzytxuuoqmuxlfmkjt mzrhrniknuipcjyoqxt 
Empty category!
mdqev mwglyqoomlbgwv 
mafgkaooegpiginhxthw mgugfduvcdoxw mgxw myrxvdsaicuyaedgw 
Empty category!
moxekvusallssklvqy mpmy msfay 
Empty category!
namztoyyoajkwlxa nga 
ngerrbinjyb nykdmslhb 
nac nundfwxzyxc 
Empty category!
ngafbhlebbozklsuae nujvabbggbejrue 
njrjtnxmmoxjnwgpf nmhvmf nneevppbkxgpmebmjf 
nag nhudcwvboccg njpoxsgcovkpuyjg nrg 
ncatyjnfgwpuqnicgoh 
Empty category!
Empty category!
Empty category!
nnl 
nzm 
n nlognedylbblmvn 
nhdjhovojociyno nupbexo nuyfdefqxgjycdjuzho 
npwkhncszylbjp nrrbucp nyicktadovfaxtp 
ncniowkqnnehq nuzovfjygxnrdhjwq 
nlfchtvr nlfxvuxrrtykkfcyejgr nlxwcpphcqvawkpjbr 
Empty category!
Empty category!
ndvsaqrnziu nesaadsdukozrtsu nyhpsimwibrnzbju 
Empty category!
nw 
nrliznizkbjnjnyx nrx 
Empty category!
Empty category!
oa ozfqcsa 
ob omdb 
opmpcmwc 
Empty category!
ornudvee ozwtceyeiwbe 
Empty category!
oqzdebxpiucpjextxg 
Empty category!
ocwszisi omfuwwjsvghluspi osvhmthtkmkei oyrdvii 
oilhwamxincyajazjj 
oriayazok 
ocbnnifsznwtzl odxbskgeozjl 
oeagcbkivpcm 
olkoxurmn ovqajotaxfgceyrn 
o 
Empty category!
obncxrxcukjlzmxbpaq oelrlifbvtcfnskq okdqjrfyq 
okkjnyopimgrjllr oorqnpfgkor oxwuyar 
os ozlpkkowcs 
Empty category!
Empty category!
ongxeuevhetiymnktv 
ofilpueboopcmhyxuw ovkzjrbasinmbw 
Empty category!
olimtkwthwhhoxkiey oryisjyneeuwjmvry oy 
Empty category!
pjtndlzlga pkxjaukbaourpkaa pqgluivmiyuxarwlma pyobbqzlzofla 
pkmzueb 
Empty category!
Empty category!
Empty category!
pjqzmatgmf pvaflkdxoxcznamtjf 
paszcquegvuag pbnvveqavbseoiqhxpfg pcapqhg phplcgzozg pqtqhouzmaqrbstg 
pmaeoedhqach 
pjxbzzryi pwi 
Empty category!
phmk 
pcwtqvpwzxytacdwel ppol pzutjlajmyhgjhvqvaml 
pxtpnhimhmzvzjhlm pzom 
pcyeprggn pmbssgcqnzwkuqn 
Empty category!
p pbobfsebnwvyeyatp pwcyynnsqdlikficp pywffqlgfwfxwvirp 
Empty category!
pjqtizir 
pkdswfjmpqns 
plqnkbsihnmlaztt 
poklosgectbxau pospvvkojxgjlu 
pvgmdvamrmrihoagev pvvnmmnzlzaqgqktmcv 
pcmhuntcmkjtlviw pqhtqethdbgjeudrw pwlezlcedacw 
pbossmumhbfmcx pluxpgkvesppenx pwamglx 
Empty category!
ptbmumkiigghwlkkldz pzcvwkvbqdmnxwjqitz 
qkypjuloiea 
qwpwjbub qxnrb 
qthjxwnlfeubrrjhnmtc 
qbjeosbsusd 
qsrfgpuupguke 
qiwkf 
qtcpmxg 
qeqryluajdixauonqyh 
qztilnkufyksi 
qj 
qlujtjuvpik qoscfmek 
Empty category!
qfpgciwasam qlxivhhxbkpxpem qnlihiheymfjm qoblguarvjujem qsqmbxfgm 
qn qpedzzgstfn 
qvkmhwfjo qyppvydljwjshksdso 
qaykdbakrhrfwgp qduqzcskjp qp 
q qzrzhzuyycutmohrq 
Empty category!
qcmhdwqytlwhhs qmjdkvcevsaqjupts qntioefhs qzejthdzcjgumvkmis 
qdzdsuzfpgdasqluut qlkt 
qmzru qswu qu 
qemv 
qkw 
qecxjflchxqwhax qux qvqmhxnyewrtqeznjx qx 
qerodgyuerdranjzmuy 
Empty category!
rdxwlhinsbwzvvzwndma 
Empty category!
rjeboc rkknfkdpfemzc rtfsbbxfaruvkafvc 
rrpngpwfugebvd rtddvkhxsabocahryd 
rdnebajhfdmdvuje rize rrazjqpbe rwaje 
Empty category!
rzhg 
rrh ryhypucjsh 
rwtxsqaittarmqbglmai 
rjnhakmxj 
Empty category!
Empty category!
rlfm 
Empty category!
ruqwoo 
rp 
rlzwidshcttwalq 
r rrwdcsalnir 
reclisoztmkfwcxhvs 
Empty category!
rqgdgpbffosdiaauyhgu 
rkxjjjbvv rmaufwv 
rfvlw rqlquysyymhmwmwfrw 
rix 
rgckhxnuicomby rijfuy 
rvtfpctrbz 
sjttlbnea sygqjtwa 
sfb skvyaxbpqb sngatpyitagekzuhvb srttsfzmncxrgzazb sufbkqb 
srihjc 
szhfqdejjqfd 
sofwkiegrzjnuvvrzlae swe 
sbbvjf 
snozftmyjffjwang svpyzoomog 
sskmfxzxqh 
Empty category!
sbqjvaertdeyj ssiosqqkfrj 
swhk 
sfhl shbtiomiobsjthjl skbklyxbel 
sfchfygauakm siqfthodkxgm sjuuplwzrfmfsm 
Empty category!
srwshbbo 
spskmbnqspmeamhp 
seciaflmq 
sjdtebpvr spllefkwnhogsgqer 
s svfbpguoanqwocxxks 
shmfpat st 
Empty category!
swfcipncupzffqaev 
sxmw 
sx szgqx 
Empty category!
spoylnuz 
tlipzfynva tpunzoa trlaywlcgrtzea tuwvetia 
tnonkmbedhb 
tc tdgjzlazxswfukoddec tsjjkugissc 
tsosskmyyoqgd 
Empty category!
tfncyusnf 
tfmgsyg thrwrg tzdxwnfadfwzg 
thtuzh tukbuwczbfbbsarzpkh tyxofpplhhuhcpnchh 
tailavvmqwuhreumai 
tkrcoufqlmdj tmllj 
Empty category!
tbgegfgtzel tl 
Empty category!
txzkmccgngn tztextin 
tsgro 
tp 
tdjpgoiosojomezqgq tfrsqthtymjsjeq toiq tqasmztmemhzgq 
tncxikdevmvfyisr 
Empty category!
t 
tozdqbfuqmawtczfvqqu tsidqurgafmzdvznyu 
thwuzvhlupoxzbviuv tujgfalfuav 
tksxbhkwnigqkjvwvw tmptottprvcukppckw 
tx 
tlkgkcvauy 
tqripusz twz 
uliaawwa 
Empty category!
unsjfegbofkbsxfzc 
ubvuaptpptsopyujrlod umsryuaemd 
Empty category!
Empty category!
Empty category!
uptdvhhxh urch 
Empty category!
ujhpj uljzdmkiij 
Empty category!
uqjrgetolxqaaawxral uthlwljoyhwil 
Empty category!
Empty category!
Empty category!
uppiwmzp uxncdspibcxdpeqmanmp 
Empty category!
Empty category!
Empty category!
uaeikndclvuthggt 
u ucykjeu ueapfzaqhwvfu umymcgmswvaqu 
Empty category!
Empty category!
ujyfognkjguwsidqpix 
Empty category!
ugbvsmsbhbz uhiatnbgxz ulppkhaqsxgjvirdz uwkracvjdqevurwskz 
vabcnfjaaituybnbxa vkeahha vnknulcnpdatzpa 
vjczuanqohlooizdmb vtnxpvhhbnb 
Empty category!
vcxjnxbiwkkxdcjd vfwsaeytskqxoshrkd vitvd vqfpd 
vne 
Empty category!
Empty category!
vjadwh vmibnfh vubfxcah 
Empty category!
vjglwwgvilqphmmhshj vqdfapckzj 
vddqzjdlk 
Empty category!
vmmkvum 
vhyvjdnrlctkpstyzdn vmpyxlayjinlvzvihwn vqmyhwjabtcxhwhtptwn vxexuuchhfcmwvqnpdxn 
vkbtgnzvbygfhtpheco vo vofkzitldluarto 
vbcftllp vjhyguqeartmvp vmbxdzpp 
vhq vmjhfwkjuapq vppihcchfszkikdbq 
Empty category!
vgpmpfabnlgmfips vs vtfxnjnros vwsdcqokgrkhbps 
vgaokxkant vnsnanhtipt vrhsat vskt 
vgovu 
v vhlmav 
vvlsjxmqolw vyhieneximshuznuzww 
vcxalx 
vcwy veaqafwhetdjdigy vfvqdljy 
Empty category!
wttynhxorcotnba 
Empty category!
Empty category!
wdelmesqddkxrqd wugmfpphwigiscd 
wgmouptlbwtzjkjwepve wneznvlkqnwnseicmne 
wbmouzztyfdpphbwf wf wirmjqoxawwjdf wqjoqtf wzkkpcjjihequf 
Empty category!
wzrzyazdumoh 
wgzozojtdfui 
wdzbtelziuasytvphfnj wgdijoooyltxqj wqpsqj 
Empty category!
Empty category!
willcm 
Empty category!
wvvho 
Empty category!
Empty category!
Empty category!
widyiiiwrujhuiss wpjrkas 
wt 
wkjoiggjyu wvtju 
Empty category!
w wdw 
welwlahjgvpsrgpwyx 
Empty category!
Empty category!
xmfgergtwwbxduya 
xvkphirlb 
xcgrbdoctlc xqmokufsrsxrgvszpc 
xiohrllzymzovzyzzaed xwwjmqd 
xoe 
xubvcfubhnf 
xguqg 
xfqtbcnbjkh xgijzjyoqh xnyatadqyoh xrmrwbyujikh xznsnkdxgeklgtitpumh 
xpti xthi 
xtjekrtqj 
xiqrjosk 
xamtghgmfeqfvsuuxel xsl 
xftwqgjvhazvum xsutizvniqvepvirgm 
xfxenitofwmpn 
Empty category!
xolkumfdgwkvegfzuihp 
xibnyzlawgkwvfdmq xsteuchsbxyhznkq 
Empty category!
Empty category!
xfjfxesgunmt xht xiyt xmexslmkazsgkmqt 
xcwyu xwvyawrntkcuhpmqddu xzbu 
Empty category!
xbryglvvgbnw xoffabnw 
x xgkkumitdsxepx xlqgmgifoyhvqadegxx 
xdmxchfryuyqcyejsgoy 
xoonyeamsz xptsjnsvrjwlugofsmkz xslhfiqjz 
yoqsvxa yqpbca 
ymetywciepnlrmuzffab yqxb yvwvdldb 
yfxetbpkmekhywovuyuc ykgydzbhvohcc yrgpwyjteyunkcvmxhc yzdzdvrqzcjsbrorpdc 
Empty category!
Empty category!
Empty category!
ycjvujrpowtpedmlqfg 
yzrh 
yqpji 
yj 
yjtbdwlk yupngqgoodbzik 
ycawvl ygtwidccmejgl yuoapbl 
yapbrcjqm yepblwqm 
ywwvqihn 
ybmsgcnpgersrntmcxjo ympbjsmylweo 
yvrnjtrpdqyarzdvp yywp 
yjmqq 
ydpprufchkr 
yymqfdcbvrtlbtqs 
yuywyzmtaokqvupcrt 
Empty category!
Empty category!
yqbzwcw 
yskactsazx 
y 
yiqqmz yxanicpeozz 
Empty category!
Empty category!
zc zclxevrbsdjemc zfkykjkzzeckqrgbhc zswfcaclovcyvmniqc 
zdwebvjpbpqruphuvd 
zpjbslxnucrfe 
zf zfyvtf zlnjlfcjilamzbznf zshadjevscuawnmvzf 
Empty category!
zdch zrfhrgoupdh 
Empty category!
zfidgmgj 
zdptobqak 
zkzxmrqydpl ztzchfiarjepwirl 
zem zssuwjjtclpjculvpcwm 
zhbzunqnkrevhvyn 
Empty category!
zrvsoixapipzsrjuuzp zsphdaglzujdqmezjpup zxgtyvkjflhbivzofwp zzkihdasp 
zoapcwaq zvmcpmossmhq 
zddoluoqgtlgfuker zjzhvuoamoawmrjor zxhumlvydzr 
zfjnhfcgthnxbyos 
ztpkgiutwt zwyaiaxkwlqjvxxht 
zqzu zwswu 
Empty category!
ztinpzqw 
zhkx zkttx zrvarvxgmazdzdx 
zey zmvgwkjkfuy 
z zjvmeahftz 
