0 1
252 7
1360 2
9660 2
12492 2
19563 1
23059 1
23743 1
38411 1
122599 1
131895 1
148919 1
158831 1
163087 1
169023 1
182282 1
191192 1
194864 1
195800 1
206384 1
251528 1
283352 1
307112 1
326264 1
331334 1
348494 1
370100 1
381332 1
383126 1
420956 1
465572 1
466092 1
466820 1
476804 1
513664 1
575136 1
645389 1
662625 1
701404 1
769220 1
787298 1
799874 1
847689 1
863540 1
888258 1
958217 1
983014 1
991508 1
997262 1
1056762 1
1075732 1
1253641 1
1299503 1
1369853 1
1413411 1
1558381 1
1582276 1
1664350 1
1732690 1
1756966 1
1772449 1
1833988 1
1900126 1
1920055 1
1995626 1
2112479 1
2295497 1
2300172 1
2305947 1
2317497 1
2493290 1
2536283 1
2572813 1
2613558 1
2659741 1
2683966 1
2690806 1
2769466 1
2912351 1
2934921 1
2935531 1
3066986 1
3110957 1
3275660 1
3426382 1
3509586 1
3576422 1
3578468 1
3984599 1
4103697 1
4165237 1
4281077 1
4303883 1
4324326 1
4439631 1
4538703 1
4561137 1
4582972 1
4629024 1
4876930 1
4878582 1
4982658 1
5019002 1
5058650 1
5080952 1
